<?xml version="1.0" encoding="UTF-8"?>
<!-- Generated by org.testng.reporters.JUnitReportReporter -->
<testsuite hostname="DESKTOP-FUGEFD6" failures="0" tests="1" name="mavensample.SampleTest" time="0.001" errors="0" timestamp="2023-04-05T17:13:05 IST" skipped="0">
  <testcase classname="mavensample.SampleTest" name="test_01" time="0.001"/>
  <system-out>
welcome  </system-out>
</testsuite> <!-- mavensample.SampleTest -->
