<?xml version="1.0" encoding="UTF-8"?>
<!-- Generated by org.testng.reporters.JUnitReportReporter -->
<testsuite hostname="DESKTOP-1ABT9ES" failures="0" tests="1" name="mavensample.Example" time="0.009" errors="0" timestamp="2023-04-07T09:52:17 IST" skipped="0">
  <testcase classname="mavensample.Example" name="tst1" time="0.009"/>
  <system-out/>
</testsuite> <!-- mavensample.Example -->
