<?xml version="1.0" encoding="UTF-8"?>
<!-- Generated by org.testng.reporters.JUnitReportReporter -->
<testsuite hostname="DESKTOP-FUGEFD6" failures="0" tests="2" name="mavensample.TestEx" time="0.014" errors="0" timestamp="2023-04-05T17:13:05 IST" skipped="0">
  <testcase classname="mavensample.TestEx" name="test1" time="0.011"/>
  <system-out>
null null null  </system-out>
  <testcase classname="mavensample.TestEx" name="test2" time="0.003"/>
  <system-out/>
</testsuite> <!-- mavensample.TestEx -->
