<?xml version="1.0" encoding="UTF-8"?>
<!-- Generated by org.testng.reporters.JUnitReportReporter -->
<testsuite skipped="0" hostname="DESKTOP-1ABT9ES" name="mavensample.TestEx" tests="2" failures="0" timestamp="2023-04-03T10:40:59 IST" time="0.008" errors="0">
  <testcase name="test2" time="0.001" classname="mavensample.TestEx"/>
  <system-out/>
  <testcase name="test1" time="0.007" classname="mavensample.TestEx"/>
  <system-out>
http://www.google.com user password  </system-out>
</testsuite> <!-- mavensample.TestEx -->
